<?xml version="1.0" encoding="UTF-8"?>
<!-- Generated by org.testng.reporters.JUnitReportReporter -->
<testsuite hostname="Hp-PC" failures="0" tests="1" name="main_testing.Initiator" time="4.967" errors="1" timestamp="2020-04-01T13:58:17 CEST" skipped="0">
  <testcase classname="main_testing.Initiator" name="tests" time="4.967">
    <error message="session not created
from disconnected: Unable to receive message from renderer
  (Session info: chrome=80.0.3987.149)
Build info: version: &#039;3.141.59&#039;, revision: &#039;e82be7d358&#039;, time: &#039;2018-11-14T08:25:48&#039;
System info: host: &#039;HP-PC&#039;, ip: &#039;192.168.1.20&#039;, os.name: &#039;Windows 7&#039;, os.arch: &#039;amd64&#039;, os.version: &#039;6.1&#039;, java.version: &#039;13.0.2&#039;
Driver info: driver.version: ChromeDriver
remote stacktrace: Backtrace:
	Ordinal0 [0x00DB0C83+1707139]
	Ordinal0 [0x00D168F1+1075441]
	Ordinal0 [0x00C8DFC9+516041]
	Ordinal0 [0x00C85DA5+482725]
	Ordinal0 [0x00C853AC+480172]
	Ordinal0 [0x00C855D5+480725]
	Ordinal0 [0x00C85035+479285]
	Ordinal0 [0x00C8CD25+511269]
	Ordinal0 [0x00C84FE8+479208]
	Ordinal0 [0x00C85A3B+481851]
	Ordinal0 [0x00C853AC+480172]
	Ordinal0 [0x00C855D5+480725]
	Ordinal0 [0x00C85035+479285]
	Ordinal0 [0x00C8B5AE+505262]
	Ordinal0 [0x00C84FE8+479208]
	Ordinal0 [0x00C85A3B+481851]
	Ordinal0 [0x00C853AC+480172]
	Ordinal0 [0x00C855D5+480725]
	Ordinal0 [0x00C85035+479285]
	Ordinal0 [0x00C89E1C+499228]
	Ordinal0 [0x00C84FE8+479208]
	Ordinal0 [0x00C85A3B+481851]
	Ordinal0 [0x00C853AC+480172]
	Ordinal0 [0x00C855D5+480725]
	Ordinal0 [0x00C85035+479285]
	Ordinal0 [0x00C894B7+496823]
	Ordinal0 [0x00C84FE8+479208]
	Ordinal0 [0x00C85A3B+481851]
	Ordinal0 [0x00C853AC+480172]
	Ordinal0 [0x00C855D5+480725]
	Ordinal0 [0x00C85035+479285]
	Ordinal0 [0x00C81B5C+465756]
	Ordinal0 [0x00C84FE8+479208]
	Ordinal0 [0x00C84EC4+478916]
	Ordinal0 [0x00C8ECA0+519328]
	Ordinal0 [0x00C3CA67+182887]
	Ordinal0 [0x00C3BDDD+179677]
	Ordinal0 [0x00C39D4B+171339]
	Ordinal0 [0x00C21D4A+73034]
	Ordinal0 [0x00C22DC0+77248]
	Ordinal0 [0x00C22D59+77145]
	Ordinal0 [0x00D2BB67+1162087]
	GetHandleVerifier [0x00E4A966+508998]
	GetHandleVerifier [0x00E4A6A4+508292]
	GetHandleVerifier [0x00E5F7B7+594583]
	GetHandleVerifier [0x00E4B1D6+511158]
	Ordinal0 [0x00D2402C+1130540]
	Ordinal0 [0x00D2D4CB+1168587]
	Ordinal0 [0x00D2D633+1168947]
	Ordinal0 [0x00D45B35+1268533]
	BaseThreadInitThunk [0x75EA344D+18]
	RtlInitializeExceptionChain [0x775A9802+99]
	RtlInitializeExceptionChain [0x775A97D5+54]
" type="org.openqa.selenium.SessionNotCreatedException">
      <![CDATA[org.openqa.selenium.SessionNotCreatedException: session not created
from disconnected: Unable to receive message from renderer
  (Session info: chrome=80.0.3987.149)
Build info: version: '3.141.59', revision: 'e82be7d358', time: '2018-11-14T08:25:48'
System info: host: 'HP-PC', ip: '192.168.1.20', os.name: 'Windows 7', os.arch: 'amd64', os.version: '6.1', java.version: '13.0.2'
Driver info: driver.version: ChromeDriver
remote stacktrace: Backtrace:
Ordinal0 [0x00DB0C83+1707139]
Ordinal0 [0x00D168F1+1075441]
Ordinal0 [0x00C8DFC9+516041]
Ordinal0 [0x00C85DA5+482725]
Ordinal0 [0x00C853AC+480172]
Ordinal0 [0x00C855D5+480725]
Ordinal0 [0x00C85035+479285]
Ordinal0 [0x00C8CD25+511269]
Ordinal0 [0x00C84FE8+479208]
Ordinal0 [0x00C85A3B+481851]
Ordinal0 [0x00C853AC+480172]
Ordinal0 [0x00C855D5+480725]
Ordinal0 [0x00C85035+479285]
Ordinal0 [0x00C8B5AE+505262]
Ordinal0 [0x00C84FE8+479208]
Ordinal0 [0x00C85A3B+481851]
Ordinal0 [0x00C853AC+480172]
Ordinal0 [0x00C855D5+480725]
Ordinal0 [0x00C85035+479285]
Ordinal0 [0x00C89E1C+499228]
Ordinal0 [0x00C84FE8+479208]
Ordinal0 [0x00C85A3B+481851]
Ordinal0 [0x00C853AC+480172]
Ordinal0 [0x00C855D5+480725]
Ordinal0 [0x00C85035+479285]
Ordinal0 [0x00C894B7+496823]
Ordinal0 [0x00C84FE8+479208]
Ordinal0 [0x00C85A3B+481851]
Ordinal0 [0x00C853AC+480172]
Ordinal0 [0x00C855D5+480725]
Ordinal0 [0x00C85035+479285]
Ordinal0 [0x00C81B5C+465756]
Ordinal0 [0x00C84FE8+479208]
Ordinal0 [0x00C84EC4+478916]
Ordinal0 [0x00C8ECA0+519328]
Ordinal0 [0x00C3CA67+182887]
Ordinal0 [0x00C3BDDD+179677]
Ordinal0 [0x00C39D4B+171339]
Ordinal0 [0x00C21D4A+73034]
Ordinal0 [0x00C22DC0+77248]
Ordinal0 [0x00C22D59+77145]
Ordinal0 [0x00D2BB67+1162087]
GetHandleVerifier [0x00E4A966+508998]
GetHandleVerifier [0x00E4A6A4+508292]
GetHandleVerifier [0x00E5F7B7+594583]
GetHandleVerifier [0x00E4B1D6+511158]
Ordinal0 [0x00D2402C+1130540]
Ordinal0 [0x00D2D4CB+1168587]
Ordinal0 [0x00D2D633+1168947]
Ordinal0 [0x00D45B35+1268533]
BaseThreadInitThunk [0x75EA344D+18]
RtlInitializeExceptionChain [0x775A9802+99]
RtlInitializeExceptionChain [0x775A97D5+54]

at java.base/jdk.internal.reflect.NativeConstructorAccessorImpl.newInstance0(Native Method)
at java.base/jdk.internal.reflect.NativeConstructorAccessorImpl.newInstance(NativeConstructorAccessorImpl.java:62)
at java.base/jdk.internal.reflect.DelegatingConstructorAccessorImpl.newInstance(DelegatingConstructorAccessorImpl.java:45)
at java.base/java.lang.reflect.Constructor.newInstanceWithCaller(Constructor.java:500)
at java.base/java.lang.reflect.Constructor.newInstance(Constructor.java:481)
at org.openqa.selenium.remote.W3CHandshakeResponse.lambda$errorHandler$0(W3CHandshakeResponse.java:62)
at org.openqa.selenium.remote.HandshakeResponse.lambda$getResponseFunction$0(HandshakeResponse.java:30)
at org.openqa.selenium.remote.ProtocolHandshake.lambda$createSession$0(ProtocolHandshake.java:126)
at java.base/java.util.stream.ReferencePipeline$3$1.accept(ReferencePipeline.java:195)
at java.base/java.util.Spliterators$ArraySpliterator.tryAdvance(Spliterators.java:958)
at java.base/java.util.stream.ReferencePipeline.forEachWithCancel(ReferencePipeline.java:127)
at java.base/java.util.stream.AbstractPipeline.copyIntoWithCancel(AbstractPipeline.java:502)
at java.base/java.util.stream.AbstractPipeline.copyInto(AbstractPipeline.java:488)
at java.base/java.util.stream.AbstractPipeline.wrapAndCopyInto(AbstractPipeline.java:474)
at java.base/java.util.stream.FindOps$FindOp.evaluateSequential(FindOps.java:150)
at java.base/java.util.stream.AbstractPipeline.evaluate(AbstractPipeline.java:234)
at java.base/java.util.stream.ReferencePipeline.findFirst(ReferencePipeline.java:543)
at org.openqa.selenium.remote.ProtocolHandshake.createSession(ProtocolHandshake.java:128)
at org.openqa.selenium.remote.ProtocolHandshake.createSession(ProtocolHandshake.java:74)
at org.openqa.selenium.remote.HttpCommandExecutor.execute(HttpCommandExecutor.java:136)
at org.openqa.selenium.remote.service.DriverCommandExecutor.execute(DriverCommandExecutor.java:83)
at org.openqa.selenium.remote.RemoteWebDriver.execute(RemoteWebDriver.java:552)
at org.openqa.selenium.remote.RemoteWebDriver.startSession(RemoteWebDriver.java:213)
at org.openqa.selenium.remote.RemoteWebDriver.<init>(RemoteWebDriver.java:131)
at org.openqa.selenium.chrome.ChromeDriver.<init>(ChromeDriver.java:181)
at org.openqa.selenium.chrome.ChromeDriver.<init>(ChromeDriver.java:168)
at org.openqa.selenium.chrome.ChromeDriver.<init>(ChromeDriver.java:123)
at main_testing.Initiator.tests(Initiator.java:17)
at java.base/jdk.internal.reflect.NativeMethodAccessorImpl.invoke0(Native Method)
at java.base/jdk.internal.reflect.NativeMethodAccessorImpl.invoke(NativeMethodAccessorImpl.java:62)
at java.base/jdk.internal.reflect.DelegatingMethodAccessorImpl.invoke(DelegatingMethodAccessorImpl.java:43)
at java.base/java.lang.reflect.Method.invoke(Method.java:567)
at org.testng.internal.MethodInvocationHelper.invokeMethod(MethodInvocationHelper.java:135)
at org.testng.internal.MethodInvocationHelper.invokeMethodConsideringTimeout(MethodInvocationHelper.java:64)
at org.testng.internal.ConfigInvoker.invokeConfigurationMethod(ConfigInvoker.java:364)
at org.testng.internal.ConfigInvoker.invokeConfigurations(ConfigInvoker.java:318)
at org.testng.SuiteRunner.privateRun(SuiteRunner.java:327)
at org.testng.SuiteRunner.run(SuiteRunner.java:286)
at org.testng.SuiteRunnerWorker.runSuite(SuiteRunnerWorker.java:53)
at org.testng.SuiteRunnerWorker.run(SuiteRunnerWorker.java:96)
at org.testng.TestNG.runSuitesSequentially(TestNG.java:1214)
at org.testng.TestNG.runSuitesLocally(TestNG.java:1136)
at org.testng.TestNG.runSuites(TestNG.java:1066)
at org.testng.TestNG.run(TestNG.java:1034)
at org.testng.remote.AbstractRemoteTestNG.run(AbstractRemoteTestNG.java:115)
at org.testng.remote.RemoteTestNG.initAndRun(RemoteTestNG.java:251)
at org.testng.remote.RemoteTestNG.main(RemoteTestNG.java:77)
]]>
    </error>
  </testcase> <!-- tests -->
  <system-out/>
</testsuite> <!-- main_testing.Initiator -->
